2013-12-03 16:07:57: Error 8 in file '/Users/fch/Server/classes/scripts/server.php' on line 50: Undefined variable: server
2013-12-03 16:07:57: Error backtrace:
2013-12-03 16:07:57: #1 File '/Users/fch/Server/scripts/server.php' on line 19
2013-12-03 16:07:57: #2 File '/Users/fch/Atoum/repository/classes/script/configurable.php' on line 89
2013-12-03 16:07:57: #3 File '/Users/fch/Atoum/repository/classes/script.php' on line 302
2013-12-03 16:07:57: #4 File '/Users/fch/Server/classes/script/configurable/daemon.php' on line 350
2013-12-03 16:07:57: #5 File '/Users/fch/Server/classes/script/configurable/daemon/server.php' on line 103
2013-12-03 16:07:57: #6 File '/Users/fch/Server/classes/socket/select.php' on line 82
2013-12-03 16:07:57: #7 File '/Users/fch/Server/classes/socket/events.php' on line 36
2013-12-03 16:07:57: #8 File '/Users/fch/Server/classes/scripts/server.php' on line 50
2013-12-03 16:08:27: Error 8 in file '/Users/fch/Server/classes/scripts/server.php' on line 50: Undefined variable: trackersSocket
2013-12-03 16:08:27: Error backtrace:
2013-12-03 16:08:27: #1 File '/Users/fch/Server/scripts/server.php' on line 19
2013-12-03 16:08:27: #2 File '/Users/fch/Atoum/repository/classes/script/configurable.php' on line 89
2013-12-03 16:08:27: #3 File '/Users/fch/Atoum/repository/classes/script.php' on line 302
2013-12-03 16:08:27: #4 File '/Users/fch/Server/classes/script/configurable/daemon.php' on line 350
2013-12-03 16:08:27: #5 File '/Users/fch/Server/classes/script/configurable/daemon/server.php' on line 103
2013-12-03 16:08:27: #6 File '/Users/fch/Server/classes/socket/select.php' on line 82
2013-12-03 16:08:27: #7 File '/Users/fch/Server/classes/socket/events.php' on line 36
2013-12-03 16:08:27: #8 File '/Users/fch/Server/classes/scripts/server.php' on line 50
2013-12-03 16:08:27: Error 2 in file '/Users/fch/Server/classes/socket/manager.php' on line 72: socket_accept() expects parameter 1 to be resource, null given
2013-12-03 16:08:27: Error backtrace:
2013-12-03 16:08:27: #1 File '/Users/fch/Server/scripts/server.php' on line 19
2013-12-03 16:08:27: #2 File '/Users/fch/Atoum/repository/classes/script/configurable.php' on line 89
2013-12-03 16:08:27: #3 File '/Users/fch/Atoum/repository/classes/script.php' on line 302
2013-12-03 16:08:27: #4 File '/Users/fch/Server/classes/script/configurable/daemon.php' on line 350
2013-12-03 16:08:27: #5 File '/Users/fch/Server/classes/script/configurable/daemon/server.php' on line 103
2013-12-03 16:08:27: #6 File '/Users/fch/Server/classes/socket/select.php' on line 82
2013-12-03 16:08:27: #7 File '/Users/fch/Server/classes/socket/events.php' on line 36
2013-12-03 16:08:27: #8 File '/Users/fch/Server/classes/scripts/server.php' on line 50
2013-12-03 16:08:27: #9 File '/Users/fch/Server/classes/script/configurable/daemon/server.php' on line 82
2013-12-03 16:08:27: #10 File '/Users/fch/Server/classes/socket/manager.php' on line 72
2013-12-03 16:08:27: Undefined error: 0
2013-12-03 16:08:44: Error 2 in file '/Users/fch/Server/classes/socket/manager.php' on line 72: socket_accept(): unable to accept incoming connection [22]: Invalid argument
2013-12-03 16:08:44: Error backtrace:
2013-12-03 16:08:44: #1 File '/Users/fch/Server/scripts/server.php' on line 19
2013-12-03 16:08:44: #2 File '/Users/fch/Atoum/repository/classes/script/configurable.php' on line 89
2013-12-03 16:08:44: #3 File '/Users/fch/Atoum/repository/classes/script.php' on line 302
2013-12-03 16:08:44: #4 File '/Users/fch/Server/classes/script/configurable/daemon.php' on line 350
2013-12-03 16:08:44: #5 File '/Users/fch/Server/classes/script/configurable/daemon/server.php' on line 103
2013-12-03 16:08:44: #6 File '/Users/fch/Server/classes/socket/select.php' on line 82
2013-12-03 16:08:44: #7 File '/Users/fch/Server/classes/socket/events.php' on line 36
2013-12-03 16:08:44: #8 File '/Users/fch/Server/classes/scripts/server.php' on line 50
2013-12-03 16:08:44: #9 File '/Users/fch/Server/classes/script/configurable/daemon/server.php' on line 82
2013-12-03 16:08:44: #10 File '/Users/fch/Server/classes/socket/manager.php' on line 72
2013-12-03 16:08:44: Undefined error: 0
2013-12-03 16:09:51: Error 2 in file '/Users/fch/Server/classes/socket/manager.php' on line 72: socket_accept(): unable to accept incoming connection [22]: Invalid argument
2013-12-03 16:09:51: Error backtrace:
2013-12-03 16:09:51: #1 File '/Users/fch/Server/scripts/server.php' on line 19
2013-12-03 16:09:51: #2 File '/Users/fch/Atoum/repository/classes/script/configurable.php' on line 89
2013-12-03 16:09:51: #3 File '/Users/fch/Atoum/repository/classes/script.php' on line 302
2013-12-03 16:09:51: #4 File '/Users/fch/Server/classes/script/configurable/daemon.php' on line 350
2013-12-03 16:09:51: #5 File '/Users/fch/Server/classes/script/configurable/daemon/server.php' on line 103
2013-12-03 16:09:51: #6 File '/Users/fch/Server/classes/socket/select.php' on line 82
2013-12-03 16:09:51: #7 File '/Users/fch/Server/classes/socket/events.php' on line 36
2013-12-03 16:09:51: #8 File '/Users/fch/Server/classes/scripts/server.php' on line 52
2013-12-03 16:09:51: #9 File '/Users/fch/Server/classes/script/configurable/daemon/server.php' on line 82
2013-12-03 16:09:51: #10 File '/Users/fch/Server/classes/socket/manager.php' on line 72
2013-12-03 16:09:51: Undefined error: 0
2013-12-03 16:10:44: Error 2 in file '/Users/fch/Server/classes/socket/manager.php' on line 72: socket_accept(): unable to accept incoming connection [22]: Invalid argument
2013-12-03 16:10:44: Error backtrace:
2013-12-03 16:10:44: #1 File '/Users/fch/Server/scripts/server.php' on line 19
2013-12-03 16:10:44: #2 File '/Users/fch/Atoum/repository/classes/script/configurable.php' on line 89
2013-12-03 16:10:44: #3 File '/Users/fch/Atoum/repository/classes/script.php' on line 302
2013-12-03 16:10:44: #4 File '/Users/fch/Server/classes/script/configurable/daemon.php' on line 350
2013-12-03 16:10:44: #5 File '/Users/fch/Server/classes/script/configurable/daemon/server.php' on line 103
2013-12-03 16:10:44: #6 File '/Users/fch/Server/classes/socket/select.php' on line 82
2013-12-03 16:10:44: #7 File '/Users/fch/Server/classes/socket/events.php' on line 36
2013-12-03 16:10:44: #8 File '/Users/fch/Server/classes/scripts/server.php' on line 52
2013-12-03 16:10:44: #9 File '/Users/fch/Server/classes/script/configurable/daemon/server.php' on line 82
2013-12-03 16:10:44: #10 File '/Users/fch/Server/classes/socket/manager.php' on line 72
2013-12-03 16:10:44: Undefined error: 0
2013-12-03 16:11:44: Error 2 in file '/Users/fch/Server/classes/socket/manager.php' on line 72: socket_accept(): unable to accept incoming connection [22]: Invalid argument
2013-12-03 16:11:44: Error backtrace:
2013-12-03 16:11:44: #1 File '/Users/fch/Server/scripts/server.php' on line 19
2013-12-03 16:11:44: #2 File '/Users/fch/Atoum/repository/classes/script/configurable.php' on line 89
2013-12-03 16:11:44: #3 File '/Users/fch/Atoum/repository/classes/script.php' on line 302
2013-12-03 16:11:44: #4 File '/Users/fch/Server/classes/script/configurable/daemon.php' on line 350
2013-12-03 16:11:44: #5 File '/Users/fch/Server/classes/script/configurable/daemon/server.php' on line 103
2013-12-03 16:11:44: #6 File '/Users/fch/Server/classes/socket/select.php' on line 82
2013-12-03 16:11:44: #7 File '/Users/fch/Server/classes/socket/events.php' on line 36
2013-12-03 16:11:44: #8 File '/Users/fch/Server/classes/scripts/server.php' on line 50
2013-12-03 16:11:44: #9 File '/Users/fch/Server/classes/script/configurable/daemon/server.php' on line 82
2013-12-03 16:11:44: #10 File '/Users/fch/Server/classes/socket/manager.php' on line 72
2013-12-03 16:11:44: Undefined error: 0
2013-12-03 16:13:11: Error 2 in file '/Users/fch/Server/classes/socket/manager.php' on line 72: socket_accept(): unable to accept incoming connection [22]: Invalid argument
2013-12-03 16:13:11: Error backtrace:
2013-12-03 16:13:11: #1 File '/Users/fch/Server/scripts/server.php' on line 19
2013-12-03 16:13:11: #2 File '/Users/fch/Atoum/repository/classes/script/configurable.php' on line 89
2013-12-03 16:13:11: #3 File '/Users/fch/Atoum/repository/classes/script.php' on line 302
2013-12-03 16:13:11: #4 File '/Users/fch/Server/classes/script/configurable/daemon.php' on line 350
2013-12-03 16:13:11: #5 File '/Users/fch/Server/classes/script/configurable/daemon/server.php' on line 103
2013-12-03 16:13:11: #6 File '/Users/fch/Server/classes/socket/select.php' on line 82
2013-12-03 16:13:11: #7 File '/Users/fch/Server/classes/socket/events.php' on line 36
2013-12-03 16:13:11: #8 File '/Users/fch/Server/classes/scripts/server.php' on line 50
2013-12-03 16:13:11: #9 File '/Users/fch/Server/classes/script/configurable/daemon/server.php' on line 82
2013-12-03 16:13:11: #10 File '/Users/fch/Server/classes/socket/manager.php' on line 72
2013-12-03 16:13:11: Undefined error: 0
2013-12-03 16:14:15: Error 8 in file '/Users/fch/Server/classes/scripts/server.php' on line 66: Undefined variable: server
2013-12-03 16:14:15: Error backtrace:
2013-12-03 16:14:15: #1 File '/Users/fch/Server/scripts/server.php' on line 19
2013-12-03 16:14:15: #2 File '/Users/fch/Atoum/repository/classes/script/configurable.php' on line 89
2013-12-03 16:14:15: #3 File '/Users/fch/Atoum/repository/classes/script.php' on line 302
2013-12-03 16:14:15: #4 File '/Users/fch/Server/classes/script/configurable/daemon.php' on line 350
2013-12-03 16:14:15: #5 File '/Users/fch/Server/classes/script/configurable/daemon/server.php' on line 103
2013-12-03 16:14:15: #6 File '/Users/fch/Server/classes/socket/select.php' on line 82
2013-12-03 16:14:15: #7 File '/Users/fch/Server/classes/socket/events.php' on line 36
2013-12-03 16:14:15: #8 File '/Users/fch/Server/classes/scripts/server.php' on line 66
2013-12-03 16:52:35: Interrupted system call
2013-12-03 16:53:08: Socket is not connected
2013-12-03 17:01:54: Socket is not connected
2013-12-03 17:08:29: Interrupted system call
